<?xml version="1.0" encoding="UTF-8"?>
<testsuite xmlns:xsi="http://www.w3.org/2001/XMLSchema-instance" xsi:noNamespaceSchemaLocation="https://maven.apache.org/surefire/maven-surefire-plugin/xsd/surefire-test-report.xsd" name="ya.praktikum.tests.ScooterLoginCourierTest" time="5.435" tests="4" errors="0" skipped="0" failures="0">
  <properties>
[...]
</properties>
  <testcase name="loginCourierPositiveTest" classname="ya.praktikum.tests.ScooterLoginCourierTest" time="2.041"/>
  <testcase name="loginCourierNegativeTest" classname="ya.praktikum.tests.ScooterLoginCourierTest" time="1.138"/>
  <testcase name="loginCourierWithoutPasswordNegativeTest" classname="ya.praktikum.tests.ScooterLoginCourierTest" time="1.109"/>
  <testcase name="loginCourierWithoutLoginNegativeTest" classname="ya.praktikum.tests.ScooterLoginCourierTest" time="1.128"/>
</testsuite>